<?xml version="1.0" encoding="utf-8"?><testsuites name="pytest tests"><testsuite name="pytest" errors="0" failures="0" skipped="0" tests="12" time="4.497" timestamp="2026-05-07T00:22:43.945951+00:00" hostname="agent-env-b17851f2-f101-4d38-ad0e-f6d52fc6d74c"><testcase classname="backend.tests.test_billing.TestPlans" name="test_plans_public" time="0.501" /><testcase classname="backend.tests.test_billing.TestBillingMe" name="test_me_free_for_admin" time="0.535" /><testcase classname="backend.tests.test_billing.TestBillingMe" name="test_me_requires_auth" time="0.085" /><testcase classname="backend.tests.test_billing.TestCheckout" name="test_checkout_monthly" time="0.783" /><testcase classname="backend.tests.test_billing.TestCheckout" name="test_checkout_yearly" time="0.657" /><testcase classname="backend.tests.test_billing.TestCheckout" name="test_checkout_invalid_plan" time="0.076" /><testcase classname="backend.tests.test_billing.TestCheckout" name="test_checkout_requires_auth" time="0.066" /><testcase classname="backend.tests.test_billing.TestBillingStatus" name="test_status_unpaid" time="1.145" /><testcase classname="backend.tests.test_billing.TestBillingStatus" name="test_status_requires_auth" time="0.081" /><testcase classname="backend.tests.test_billing.TestBillingStatus" name="test_status_wrong_user_404" time="0.320" /><testcase classname="backend.tests.test_billing.TestStripeWebhook" name="test_webhook_invalid_signature_returns_400" time="0.069" /><testcase classname="backend.tests.test_billing.TestStripeWebhook" name="test_webhook_no_signature_returns_400" time="0.025" /></testsuite></testsuites>