<?xml version="1.0" encoding="utf-8"?><testsuites name="pytest tests"><testsuite name="pytest" errors="0" failures="0" skipped="0" tests="17" time="24.823" timestamp="2026-05-12T18:01:27.237055+00:00" hostname="agent-env-b17851f2-f101-4d38-ad0e-f6d52fc6d74c"><testcase classname="backend.tests.test_iter7_new_features.TestAIPreviewRec" name="test_unauthenticated_returns_401" time="0.321" /><testcase classname="backend.tests.test_iter7_new_features.TestAIPreviewRec" name="test_empty_library_returns_rec_null" time="0.403" /><testcase classname="backend.tests.test_iter7_new_features.TestAIPreviewRec" name="test_with_library_free_user_returns_rec" time="2.752" /><testcase classname="backend.tests.test_iter7_new_features.TestAIPreviewRec" name="test_pro_user_also_works" time="0.925" /><testcase classname="backend.tests.test_iter7_new_features.TestImportTrakt" name="test_unauthenticated_returns_401" time="0.148" /><testcase classname="backend.tests.test_iter7_new_features.TestImportTrakt" name="test_empty_file_returns_400" time="0.074" /><testcase classname="backend.tests.test_iter7_new_features.TestImportTrakt" name="test_invalid_json_returns_400" time="0.189" /><testcase classname="backend.tests.test_iter7_new_features.TestImportTrakt" name="test_json_list_admin_pro" time="10.395" /><testcase classname="backend.tests.test_iter7_new_features.TestImportTrakt" name="test_json_wrapped_shows" time="1.907" /><testcase classname="backend.tests.test_iter7_new_features.TestImportTrakt" name="test_csv_admin_pro" time="2.648" /><testcase classname="backend.tests.test_iter7_new_features.TestImportTrakt" name="test_free_user_cap_enforced" time="0.666" /><testcase classname="backend.tests.test_iter7_new_features.TestImportTrakt" name="test_duplicates_detected" time="0.621" /><testcase classname="backend.tests.test_iter7_new_features.TestCalendarICal" name="test_unauthenticated_returns_401" time="0.096" /><testcase classname="backend.tests.test_iter7_new_features.TestCalendarICal" name="test_invalid_token_query_returns_401" time="0.084" /><testcase classname="backend.tests.test_iter7_new_features.TestCalendarICal" name="test_admin_via_authorization_header" time="0.703" /><testcase classname="backend.tests.test_iter7_new_features.TestCalendarICal" name="test_admin_via_token_query" time="0.284" /><testcase classname="backend.tests.test_iter7_new_features.TestCalendarICal" name="test_free_user_with_library_works" time="2.452" /></testsuite></testsuites>