<?xml version="1.0" encoding="utf-8"?><testsuites name="pytest tests"><testsuite name="pytest" errors="0" failures="0" skipped="0" tests="20" time="3.894" timestamp="2026-05-13T19:41:15.531620+00:00" hostname="agent-env-b17851f2-f101-4d38-ad0e-f6d52fc6d74c"><testcase classname="backend.tests.test_themes_wrapped.TestPreferencesGet" name="test_unauth_returns_401" time="0.309" /><testcase classname="backend.tests.test_themes_wrapped.TestPreferencesGet" name="test_admin_preferences_shape" time="0.615" /><testcase classname="backend.tests.test_themes_wrapped.TestPreferencesGet" name="test_free_user_tier" time="0.486" /><testcase classname="backend.tests.test_themes_wrapped.TestPreferencesPatch" name="test_free_user_cannot_set_pro_theme" time="0.092" /><testcase classname="backend.tests.test_themes_wrapped.TestPreferencesPatch" name="test_free_user_can_set_default" time="0.064" /><testcase classname="backend.tests.test_themes_wrapped.TestPreferencesPatch" name="test_unknown_theme_400" time="0.074" /><testcase classname="backend.tests.test_themes_wrapped.TestPreferencesPatch" name="test_admin_can_set_pro_themes[netflix]" time="0.150" /><testcase classname="backend.tests.test_themes_wrapped.TestPreferencesPatch" name="test_admin_can_set_pro_themes[oled]" time="0.149" /><testcase classname="backend.tests.test_themes_wrapped.TestPreferencesPatch" name="test_admin_can_set_pro_themes[disney_plus]" time="0.188" /><testcase classname="backend.tests.test_themes_wrapped.TestPreferencesPatch" name="test_admin_can_set_pro_themes[globoplay]" time="0.135" /><testcase classname="backend.tests.test_themes_wrapped.TestPreferencesPatch" name="test_reset_admin_to_default" time="0.073" /><testcase classname="backend.tests.test_themes_wrapped.TestWrapped" name="test_unauth_401" time="0.078" /><testcase classname="backend.tests.test_themes_wrapped.TestWrapped" name="test_invalid_year_low" time="0.066" /><testcase classname="backend.tests.test_themes_wrapped.TestWrapped" name="test_invalid_year_high" time="0.063" /><testcase classname="backend.tests.test_themes_wrapped.TestWrapped" name="test_admin_wrapped_2026_shape" time="0.797" /><testcase classname="backend.tests.test_themes_wrapped.TestWrapped" name="test_free_user_empty_wrapped" time="0.072" /><testcase classname="backend.tests.test_themes_wrapped.TestWrappedShare" name="test_public_endpoint_no_auth" time="0.125" /><testcase classname="backend.tests.test_themes_wrapped.TestWrappedShare" name="test_public_invalid_user" time="0.122" /><testcase classname="backend.tests.test_themes_wrapped.TestWrappedShare" name="test_public_malformed_user_id" time="0.063" /><testcase classname="backend.tests.test_themes_wrapped.TestWrappedShare" name="test_public_invalid_year" time="0.086" /></testsuite></testsuites>