<?xml version="1.0" encoding="utf-8"?><testsuites name="pytest tests"><testsuite name="pytest" errors="0" failures="0" skipped="0" tests="18" time="26.278" timestamp="2026-05-06T20:49:47.614398+00:00" hostname="agent-env-b17851f2-f101-4d38-ad0e-f6d52fc6d74c"><testcase classname="backend.tests.backend_test" name="test_root" time="0.975" /><testcase classname="backend.tests.backend_test.TestAuth" name="test_register_new_user" time="1.627" /><testcase classname="backend.tests.backend_test.TestAuth" name="test_register_duplicate" time="0.702" /><testcase classname="backend.tests.backend_test.TestAuth" name="test_login_admin" time="0.902" /><testcase classname="backend.tests.backend_test.TestAuth" name="test_login_invalid" time="0.924" /><testcase classname="backend.tests.backend_test.TestAuth" name="test_me_requires_auth" time="0.874" /><testcase classname="backend.tests.backend_test.TestAuth" name="test_me_with_bearer" time="0.680" /><testcase classname="backend.tests.backend_test.TestAuth" name="test_logout" time="0.703" /><testcase classname="backend.tests.backend_test.TestPublicSeries" name="test_list_endpoints[trending]" time="1.192" /><testcase classname="backend.tests.backend_test.TestPublicSeries" name="test_list_endpoints[popular]" time="0.868" /><testcase classname="backend.tests.backend_test.TestPublicSeries" name="test_list_endpoints[airing_today]" time="0.869" /><testcase classname="backend.tests.backend_test.TestPublicSeries" name="test_list_endpoints[on_the_air]" time="0.869" /><testcase classname="backend.tests.backend_test.TestPublicSeries" name="test_list_endpoints[top_rated]" time="0.847" /><testcase classname="backend.tests.backend_test.TestPublicSeries" name="test_search" time="0.844" /><testcase classname="backend.tests.backend_test.TestPublicSeries" name="test_series_detail" time="0.859" /><testcase classname="backend.tests.backend_test.TestPublicSeries" name="test_season_detail" time="0.927" /><testcase classname="backend.tests.backend_test.TestLibraryFlow" name="test_full_flow" time="10.852" /><testcase classname="backend.tests.backend_test.TestLibraryFlow" name="test_library_requires_auth" time="0.697" /></testsuite></testsuites>