<?xml version="1.0" encoding="utf-8"?><testsuites name="pytest tests"><testsuite name="pytest" errors="0" failures="0" skipped="0" tests="12" time="3.768" timestamp="2026-05-06T22:53:53.038340+00:00" hostname="agent-env-b17851f2-f101-4d38-ad0e-f6d52fc6d74c"><testcase classname="backend.tests.test_phase3.TestGoogleAuthNegative" name="test_bogus_session_returns_401_strict" time="0.637" /><testcase classname="backend.tests.test_phase3.TestGoogleAuthNegative" name="test_random_session_id" time="0.357" /><testcase classname="backend.tests.test_phase3.TestStreamingSearch" name="test_requires_auth" time="0.080" /><testcase classname="backend.tests.test_phase3.TestStreamingSearch" name="test_missing_name_is_422" time="0.385" /><testcase classname="backend.tests.test_phase3.TestStreamingSearch" name="test_empty_name_returns_empty" time="0.075" /><testcase classname="backend.tests.test_phase3.TestStreamingSearch" name="test_whitespace_name_returns_empty" time="0.080" /><testcase classname="backend.tests.test_phase3.TestStreamingSearch" name="test_provider_search[Netflix]" time="0.736" /><testcase classname="backend.tests.test_phase3.TestStreamingSearch" name="test_provider_search[Prime Video]" time="0.268" /><testcase classname="backend.tests.test_phase3.TestStreamingSearch" name="test_provider_search[Disney Plus]" time="0.283" /><testcase classname="backend.tests.test_phase3.TestStreamingSearch" name="test_provider_search[HBO Max]" time="0.269" /><testcase classname="backend.tests.test_phase3.TestStreamingSearch" name="test_provider_search[Apple TV]" time="0.274" /><testcase classname="backend.tests.test_phase3.TestStreamingSearch" name="test_netflix_returns_episodes_for_admin" time="0.262" /></testsuite></testsuites>