<?xml version="1.0" encoding="utf-8"?><testsuites name="pytest tests"><testsuite name="pytest" errors="0" failures="0" skipped="0" tests="20" time="4.095" timestamp="2026-05-06T23:11:40.913629+00:00" hostname="agent-env-b17851f2-f101-4d38-ad0e-f6d52fc6d74c"><testcase classname="backend.tests.test_phase4_streaming.TestDisneyPlus" name="test_disney_plus_with_plus" time="1.269" /><testcase classname="backend.tests.test_phase4_streaming.TestDisneyPlus" name="test_disney_without_plus" time="0.476" /><testcase classname="backend.tests.test_phase4_streaming.TestAppleTVPlus" name="test_apple_tv_plus_no_paramount_channel_falsepos" time="0.279" /><testcase classname="backend.tests.test_phase4_streaming.TestAppleTVPlus" name="test_apple_tv_no_channel_falsepos" time="0.294" /><testcase classname="backend.tests.test_phase4_streaming.TestParamountPlus" name="test_paramount_plus_matches_root_and_subchannels" time="0.274" /><testcase classname="backend.tests.test_phase4_streaming.TestPrimeVideo" name="test_prime_video_matches_amazon_prime_video" time="0.318" /><testcase classname="backend.tests.test_phase4_streaming.TestMax" name="test_max_matches_hbo_max_only" time="0.267" /><testcase classname="backend.tests.test_phase4_streaming.TestNetflix" name="test_netflix_prefix_match" time="0.273" /><testcase classname="backend.tests.test_phase4_streaming.TestRegression" name="test_empty_name" time="0.102" /><testcase classname="backend.tests.test_phase4_streaming.TestRegression" name="test_unauth_returns_401" time="0.059" /><testcase classname="backend.tests.test_phase4_streaming.TestHelpersUnit" name="test_normalize_disney_plus_variants" time="0.393" /><testcase classname="backend.tests.test_phase4_streaming.TestHelpersUnit" name="test_normalize_apple_tv_plus" time="0.000" /><testcase classname="backend.tests.test_phase4_streaming.TestHelpersUnit" name="test_normalize_paramount_subchannel" time="0.000" /><testcase classname="backend.tests.test_phase4_streaming.TestHelpersUnit" name="test_match_apple_tv_does_not_hit_paramount_subchannel" time="0.000" /><testcase classname="backend.tests.test_phase4_streaming.TestHelpersUnit" name="test_match_disney_plus_hits_disney_plus" time="0.000" /><testcase classname="backend.tests.test_phase4_streaming.TestHelpersUnit" name="test_match_prime_video_suffix" time="0.000" /><testcase classname="backend.tests.test_phase4_streaming.TestHelpersUnit" name="test_match_max_suffix_only" time="0.000" /><testcase classname="backend.tests.test_phase4_streaming.TestHelpersUnit" name="test_match_netflix_prefix" time="0.000" /><testcase classname="backend.tests.test_phase4_streaming.TestHelpersUnit" name="test_match_paramount_prefix_all" time="0.000" /><testcase classname="backend.tests.test_phase4_streaming.TestHelpersUnit" name="test_match_empty_returns_false" time="0.000" /></testsuite></testsuites>