<?xml version="1.0" encoding="utf-8"?><testsuites name="pytest tests"><testsuite name="pytest" errors="0" failures="0" skipped="0" tests="24" time="35.519" timestamp="2026-05-06T20:49:05.233785+00:00" hostname="agent-env-b17851f2-f101-4d38-ad0e-f6d52fc6d74c"><testcase classname="backend.tests.test_phase2.TestGoogleAuth" name="test_google_bogus_session_returns_401_not_500" time="3.981" /><testcase classname="backend.tests.test_phase2.TestPushPublicKey" name="test_push_public_key" time="0.698" /><testcase classname="backend.tests.test_phase2.TestProgress" name="test_mark_and_unmark_episode" time="2.814" /><testcase classname="backend.tests.test_phase2.TestProgress" name="test_progress_summary" time="2.801" /><testcase classname="backend.tests.test_phase2.TestProgress" name="test_progress_requires_auth" time="0.676" /><testcase classname="backend.tests.test_phase2.TestReviews" name="test_create_update_fetch_delete" time="5.378" /><testcase classname="backend.tests.test_phase2.TestReviews" name="test_rating_out_of_bounds[0]" time="0.779" /><testcase classname="backend.tests.test_phase2.TestReviews" name="test_rating_out_of_bounds[6]" time="0.695" /><testcase classname="backend.tests.test_phase2.TestReviews" name="test_rating_out_of_bounds[-1]" time="0.689" /><testcase classname="backend.tests.test_phase2.TestReviews" name="test_rating_out_of_bounds[10]" time="0.713" /><testcase classname="backend.tests.test_phase2.TestReviews" name="test_reviews_public_list_no_auth" time="0.710" /><testcase classname="backend.tests.test_phase2.TestPublicProfile" name="test_public_profile" time="0.702" /><testcase classname="backend.tests.test_phase2.TestPublicProfile" name="test_public_library" time="0.671" /><testcase classname="backend.tests.test_phase2.TestPublicProfile" name="test_public_profile_not_found" time="0.700" /><testcase classname="backend.tests.test_phase2.TestPublicProfile" name="test_public_profile_invalid_id" time="0.653" /><testcase classname="backend.tests.test_phase2.TestPush" name="test_subscribe_unsubscribe" time="1.482" /><testcase classname="backend.tests.test_phase2.TestPush" name="test_push_test_without_subs" time="0.702" /><testcase classname="backend.tests.test_phase2.TestPush" name="test_push_notify_today" time="2.143" /><testcase classname="backend.tests.test_phase2.TestRegression" name="test_auth_me" time="0.692" /><testcase classname="backend.tests.test_phase2.TestRegression" name="test_series_detail" time="0.922" /><testcase classname="backend.tests.test_phase2.TestRegression" name="test_library" time="0.909" /><testcase classname="backend.tests.test_phase2.TestRegression" name="test_calendar" time="1.584" /><testcase classname="backend.tests.test_phase2.TestRegression" name="test_stats" time="0.707" /><testcase classname="backend.tests.test_phase2.TestRegression" name="test_notifications" time="3.616" /></testsuite></testsuites>