<?xml version="1.0" encoding="utf-8"?><testsuites name="pytest tests"><testsuite name="pytest" errors="0" failures="7" skipped="0" tests="86" time="27.272" timestamp="2026-05-07T00:22:56.522370+00:00" hostname="agent-env-b17851f2-f101-4d38-ad0e-f6d52fc6d74c"><testcase classname="backend.tests.backend_test" name="test_root" time="0.102" /><testcase classname="backend.tests.backend_test.TestAuth" name="test_register_new_user" time="0.327" /><testcase classname="backend.tests.backend_test.TestAuth" name="test_register_duplicate" time="0.030" /><testcase classname="backend.tests.backend_test.TestAuth" name="test_login_admin" time="0.292" /><testcase classname="backend.tests.backend_test.TestAuth" name="test_login_invalid" time="0.248" /><testcase classname="backend.tests.backend_test.TestAuth" name="test_me_requires_auth" time="0.081" /><testcase classname="backend.tests.backend_test.TestAuth" name="test_me_with_bearer" time="0.028" /><testcase classname="backend.tests.backend_test.TestAuth" name="test_logout" time="0.026" /><testcase classname="backend.tests.backend_test.TestPublicSeries" name="test_list_endpoints[trending]" time="0.653" /><testcase classname="backend.tests.backend_test.TestPublicSeries" name="test_list_endpoints[popular]" time="0.206" /><testcase classname="backend.tests.backend_test.TestPublicSeries" name="test_list_endpoints[airing_today]" time="0.206" /><testcase classname="backend.tests.backend_test.TestPublicSeries" name="test_list_endpoints[on_the_air]" time="0.489" /><testcase classname="backend.tests.backend_test.TestPublicSeries" name="test_list_endpoints[top_rated]" time="0.281" /><testcase classname="backend.tests.backend_test.TestPublicSeries" name="test_search" time="0.275" /><testcase classname="backend.tests.backend_test.TestPublicSeries" name="test_series_detail" time="0.294" /><testcase classname="backend.tests.backend_test.TestPublicSeries" name="test_season_detail" time="0.288" /><testcase classname="backend.tests.backend_test.TestLibraryFlow" name="test_full_flow" time="2.616" /><testcase classname="backend.tests.backend_test.TestLibraryFlow" name="test_library_requires_auth" time="0.023" /><testcase classname="backend.tests.test_billing.TestPlans" name="test_plans_public" time="0.082" /><testcase classname="backend.tests.test_billing.TestBillingMe" name="test_me_free_for_admin" time="0.355" /><testcase classname="backend.tests.test_billing.TestBillingMe" name="test_me_requires_auth" time="0.099" /><testcase classname="backend.tests.test_billing.TestCheckout" name="test_checkout_monthly" time="0.700" /><testcase classname="backend.tests.test_billing.TestCheckout" name="test_checkout_yearly" time="0.698" /><testcase classname="backend.tests.test_billing.TestCheckout" name="test_checkout_invalid_plan" time="0.068" /><testcase classname="backend.tests.test_billing.TestCheckout" name="test_checkout_requires_auth" time="0.075" /><testcase classname="backend.tests.test_billing.TestBillingStatus" name="test_status_unpaid" time="1.006" /><testcase classname="backend.tests.test_billing.TestBillingStatus" name="test_status_requires_auth" time="0.061" /><testcase classname="backend.tests.test_billing.TestBillingStatus" name="test_status_wrong_user_404" time="0.316" /><testcase classname="backend.tests.test_billing.TestStripeWebhook" name="test_webhook_invalid_signature_returns_400" time="0.068" /><testcase classname="backend.tests.test_billing.TestStripeWebhook" name="test_webhook_no_signature_returns_400" time="0.067" /><testcase classname="backend.tests.test_phase2.TestGoogleAuth" name="test_google_bogus_session_returns_401_not_500" time="0.885" /><testcase classname="backend.tests.test_phase2.TestPushPublicKey" name="test_push_public_key" time="0.027" /><testcase classname="backend.tests.test_phase2.TestProgress" name="test_mark_and_unmark_episode" time="0.325" /><testcase classname="backend.tests.test_phase2.TestProgress" name="test_progress_summary" time="0.767" /><testcase classname="backend.tests.test_phase2.TestProgress" name="test_progress_requires_auth" time="0.031" /><testcase classname="backend.tests.test_phase2.TestReviews" name="test_create_update_fetch_delete" time="0.562" /><testcase classname="backend.tests.test_phase2.TestReviews" name="test_rating_out_of_bounds[0]" time="0.066" /><testcase classname="backend.tests.test_phase2.TestReviews" name="test_rating_out_of_bounds[6]" time="0.079" /><testcase classname="backend.tests.test_phase2.TestReviews" name="test_rating_out_of_bounds[-1]" time="0.075" /><testcase classname="backend.tests.test_phase2.TestReviews" name="test_rating_out_of_bounds[10]" time="0.082" /><testcase classname="backend.tests.test_phase2.TestReviews" name="test_reviews_public_list_no_auth" time="0.068" /><testcase classname="backend.tests.test_phase2.TestPublicProfile" name="test_public_profile" time="0.027" /><testcase classname="backend.tests.test_phase2.TestPublicProfile" name="test_public_library" time="0.031" /><testcase classname="backend.tests.test_phase2.TestPublicProfile" name="test_public_profile_not_found" time="0.067" /><testcase classname="backend.tests.test_phase2.TestPublicProfile" name="test_public_profile_invalid_id" time="0.024" /><testcase classname="backend.tests.test_phase2.TestPush" name="test_subscribe_unsubscribe" time="0.153" /><testcase classname="backend.tests.test_phase2.TestPush" name="test_push_test_without_subs" time="0.070" /><testcase classname="backend.tests.test_phase2.TestPush" name="test_push_notify_today" time="1.411" /><testcase classname="backend.tests.test_phase2.TestRegression" name="test_auth_me" time="0.086" /><testcase classname="backend.tests.test_phase2.TestRegression" name="test_series_detail" time="0.218" /><testcase classname="backend.tests.test_phase2.TestRegression" name="test_library" time="0.079" /><testcase classname="backend.tests.test_phase2.TestRegression" name="test_calendar" time="1.267" /><testcase classname="backend.tests.test_phase2.TestRegression" name="test_stats" time="0.095" /><testcase classname="backend.tests.test_phase2.TestRegression" name="test_notifications" time="0.409" /><testcase classname="backend.tests.test_phase3.TestGoogleAuthNegative" name="test_bogus_session_returns_401_strict" time="0.395" /><testcase classname="backend.tests.test_phase3.TestGoogleAuthNegative" name="test_random_session_id" time="0.395" /><testcase classname="backend.tests.test_phase3.TestStreamingSearch" name="test_requires_auth" time="0.076" /><testcase classname="backend.tests.test_phase3.TestStreamingSearch" name="test_missing_name_is_422" time="0.366" /><testcase classname="backend.tests.test_phase3.TestStreamingSearch" name="test_empty_name_returns_empty" time="0.076" /><testcase classname="backend.tests.test_phase3.TestStreamingSearch" name="test_whitespace_name_returns_empty" time="0.057" /><testcase classname="backend.tests.test_phase3.TestStreamingSearch" name="test_provider_search[Netflix]" time="1.179"><failure message="AssertionError: missing providers in episode for Netflix: {'tmdb_id': 60625, 'series_name': 'Rick e Morty', 'poster_url': 'https://image.tmdb.org/t/p/w500/5qfd0e2uMbVInX3YdeFbDsfxi1t.jpg', 'backdrop_url': 'https://image.tmdb.org/t/p/original/Ao5pBFuWY32cVuh6iYjEjZMEscN.jpg', 'episode_name': 'Episódio 1', 'season_number': 9, 'episode_number': 1, 'air_date': '2026-05-24', 'still_url': None, 'overview': '', 'kind': 'upcoming', 'in_library': True}&#10;assert 'providers' in {'air_date': '2026-05-24', 'backdrop_url': 'https://image.tmdb.org/t/p/original/Ao5pBFuWY32cVuh6iYjEjZMEscN.jpg', 'episode_name': 'Episódio 1', 'episode_number': 1, ...}">backend/tests/test_phase3.py:109: in test_provider_search
    assert k in ep, f"missing {k} in episode for {provider_name}: {ep}"
E   AssertionError: missing providers in episode for Netflix: {'tmdb_id': 60625, 'series_name': 'Rick e Morty', 'poster_url': 'https://image.tmdb.org/t/p/w500/5qfd0e2uMbVInX3YdeFbDsfxi1t.jpg', 'backdrop_url': 'https://image.tmdb.org/t/p/original/Ao5pBFuWY32cVuh6iYjEjZMEscN.jpg', 'episode_name': 'Episódio 1', 'season_number': 9, 'episode_number': 1, 'air_date': '2026-05-24', 'still_url': None, 'overview': '', 'kind': 'upcoming', 'in_library': True}
E   assert 'providers' in {'air_date': '2026-05-24', 'backdrop_url': 'https://image.tmdb.org/t/p/original/Ao5pBFuWY32cVuh6iYjEjZMEscN.jpg', 'episode_name': 'Episódio 1', 'episode_number': 1, ...}</failure></testcase><testcase classname="backend.tests.test_phase3.TestStreamingSearch" name="test_provider_search[Prime Video]" time="0.600"><failure message="AssertionError: missing providers in episode for Prime Video: {'tmdb_id': 4614, 'series_name': 'NCIS: Investigação Naval', 'poster_url': 'https://image.tmdb.org/t/p/w500/abjNx4jqvaJn5UvsuLaBVRVndyJ.jpg', 'backdrop_url': 'https://image.tmdb.org/t/p/original/nn3SuLTO4hum8yAxaY4ql8h6kRk.jpg', 'episode_name': 'Episódio 20', 'season_number': 23, 'episode_number': 20, 'air_date': '2026-05-12', 'still_url': None, 'overview': '', 'kind': 'upcoming', 'in_library': False}&#10;assert 'providers' in {'air_date': '2026-05-12', 'backdrop_url': 'https://image.tmdb.org/t/p/original/nn3SuLTO4hum8yAxaY4ql8h6kRk.jpg', 'episode_name': 'Episódio 20', 'episode_number': 20, ...}">backend/tests/test_phase3.py:109: in test_provider_search
    assert k in ep, f"missing {k} in episode for {provider_name}: {ep}"
E   AssertionError: missing providers in episode for Prime Video: {'tmdb_id': 4614, 'series_name': 'NCIS: Investigação Naval', 'poster_url': 'https://image.tmdb.org/t/p/w500/abjNx4jqvaJn5UvsuLaBVRVndyJ.jpg', 'backdrop_url': 'https://image.tmdb.org/t/p/original/nn3SuLTO4hum8yAxaY4ql8h6kRk.jpg', 'episode_name': 'Episódio 20', 'season_number': 23, 'episode_number': 20, 'air_date': '2026-05-12', 'still_url': None, 'overview': '', 'kind': 'upcoming', 'in_library': False}
E   assert 'providers' in {'air_date': '2026-05-12', 'backdrop_url': 'https://image.tmdb.org/t/p/original/nn3SuLTO4hum8yAxaY4ql8h6kRk.jpg', 'episode_name': 'Episódio 20', 'episode_number': 20, ...}</failure></testcase><testcase classname="backend.tests.test_phase3.TestStreamingSearch" name="test_provider_search[Disney Plus]" time="0.587"><failure message="AssertionError: missing providers in episode for Disney Plus: {'tmdb_id': 4057, 'series_name': 'Mentes Criminosas', 'poster_url': 'https://image.tmdb.org/t/p/w500/trZTeHWcWDn6adkBBuSwfIhxAJn.jpg', 'backdrop_url': 'https://image.tmdb.org/t/p/original/w88B4ooZ2LSYPw5107JOkjvI8PI.jpg', 'episode_name': 'Episódio 1', 'season_number': 19, 'episode_number': 1, 'air_date': '2026-05-28', 'still_url': None, 'overview': '', 'kind': 'upcoming', 'in_library': False}&#10;assert 'providers' in {'air_date': '2026-05-28', 'backdrop_url': 'https://image.tmdb.org/t/p/original/w88B4ooZ2LSYPw5107JOkjvI8PI.jpg', 'episode_name': 'Episódio 1', 'episode_number': 1, ...}">backend/tests/test_phase3.py:109: in test_provider_search
    assert k in ep, f"missing {k} in episode for {provider_name}: {ep}"
E   AssertionError: missing providers in episode for Disney Plus: {'tmdb_id': 4057, 'series_name': 'Mentes Criminosas', 'poster_url': 'https://image.tmdb.org/t/p/w500/trZTeHWcWDn6adkBBuSwfIhxAJn.jpg', 'backdrop_url': 'https://image.tmdb.org/t/p/original/w88B4ooZ2LSYPw5107JOkjvI8PI.jpg', 'episode_name': 'Episódio 1', 'season_number': 19, 'episode_number': 1, 'air_date': '2026-05-28', 'still_url': None, 'overview': '', 'kind': 'upcoming', 'in_library': False}
E   assert 'providers' in {'air_date': '2026-05-28', 'backdrop_url': 'https://image.tmdb.org/t/p/original/w88B4ooZ2LSYPw5107JOkjvI8PI.jpg', 'episode_name': 'Episódio 1', 'episode_number': 1, ...}</failure></testcase><testcase classname="backend.tests.test_phase3.TestStreamingSearch" name="test_provider_search[HBO Max]" time="0.577"><failure message="AssertionError: missing providers in episode for HBO Max: {'tmdb_id': 60625, 'series_name': 'Rick e Morty', 'poster_url': 'https://image.tmdb.org/t/p/w500/5qfd0e2uMbVInX3YdeFbDsfxi1t.jpg', 'backdrop_url': 'https://image.tmdb.org/t/p/original/Ao5pBFuWY32cVuh6iYjEjZMEscN.jpg', 'episode_name': 'Episódio 1', 'season_number': 9, 'episode_number': 1, 'air_date': '2026-05-24', 'still_url': None, 'overview': '', 'kind': 'upcoming', 'in_library': True}&#10;assert 'providers' in {'air_date': '2026-05-24', 'backdrop_url': 'https://image.tmdb.org/t/p/original/Ao5pBFuWY32cVuh6iYjEjZMEscN.jpg', 'episode_name': 'Episódio 1', 'episode_number': 1, ...}">backend/tests/test_phase3.py:109: in test_provider_search
    assert k in ep, f"missing {k} in episode for {provider_name}: {ep}"
E   AssertionError: missing providers in episode for HBO Max: {'tmdb_id': 60625, 'series_name': 'Rick e Morty', 'poster_url': 'https://image.tmdb.org/t/p/w500/5qfd0e2uMbVInX3YdeFbDsfxi1t.jpg', 'backdrop_url': 'https://image.tmdb.org/t/p/original/Ao5pBFuWY32cVuh6iYjEjZMEscN.jpg', 'episode_name': 'Episódio 1', 'season_number': 9, 'episode_number': 1, 'air_date': '2026-05-24', 'still_url': None, 'overview': '', 'kind': 'upcoming', 'in_library': True}
E   assert 'providers' in {'air_date': '2026-05-24', 'backdrop_url': 'https://image.tmdb.org/t/p/original/Ao5pBFuWY32cVuh6iYjEjZMEscN.jpg', 'episode_name': 'Episódio 1', 'episode_number': 1, ...}</failure></testcase><testcase classname="backend.tests.test_phase3.TestStreamingSearch" name="test_provider_search[Apple TV]" time="0.591"><failure message="AssertionError: missing providers in episode for Apple TV: {'tmdb_id': 270476, 'series_name': &quot;O Segredo de Widow's Bay&quot;, 'poster_url': 'https://image.tmdb.org/t/p/w500/rO22fBhSE77hZjNKSpnp96GC45e.jpg', 'backdrop_url': 'https://image.tmdb.org/t/p/original/u6XtMg9Ai9siEbEs0UudPS3EaZY.jpg', 'episode_name': 'Episódio 4', 'season_number': 1, 'episode_number': 4, 'air_date': '2026-05-12', 'still_url': 'https://image.tmdb.org/t/p/w300/40BkHxHlqEvofdchhuffdyFdY8D.jpg', 'overview': '', 'kind': 'upcoming', 'in_library': False}&#10;assert 'providers' in {'air_date': '2026-05-12', 'backdrop_url': 'https://image.tmdb.org/t/p/original/u6XtMg9Ai9siEbEs0UudPS3EaZY.jpg', 'episode_name': 'Episódio 4', 'episode_number': 4, ...}">backend/tests/test_phase3.py:109: in test_provider_search
    assert k in ep, f"missing {k} in episode for {provider_name}: {ep}"
E   AssertionError: missing providers in episode for Apple TV: {'tmdb_id': 270476, 'series_name': "O Segredo de Widow's Bay", 'poster_url': 'https://image.tmdb.org/t/p/w500/rO22fBhSE77hZjNKSpnp96GC45e.jpg', 'backdrop_url': 'https://image.tmdb.org/t/p/original/u6XtMg9Ai9siEbEs0UudPS3EaZY.jpg', 'episode_name': 'Episódio 4', 'season_number': 1, 'episode_number': 4, 'air_date': '2026-05-12', 'still_url': 'https://image.tmdb.org/t/p/w300/40BkHxHlqEvofdchhuffdyFdY8D.jpg', 'overview': '', 'kind': 'upcoming', 'in_library': False}
E   assert 'providers' in {'air_date': '2026-05-12', 'backdrop_url': 'https://image.tmdb.org/t/p/original/u6XtMg9Ai9siEbEs0UudPS3EaZY.jpg', 'episode_name': 'Episódio 4', 'episode_number': 4, ...}</failure></testcase><testcase classname="backend.tests.test_phase3.TestStreamingSearch" name="test_netflix_returns_episodes_for_admin" time="0.463" /><testcase classname="backend.tests.test_phase4_streaming.TestDisneyPlus" name="test_disney_plus_with_plus" time="0.784" /><testcase classname="backend.tests.test_phase4_streaming.TestDisneyPlus" name="test_disney_without_plus" time="0.436" /><testcase classname="backend.tests.test_phase4_streaming.TestAppleTVPlus" name="test_apple_tv_plus_no_paramount_channel_falsepos" time="0.446"><failure message="AssertionError: FALSE POSITIVE: matched a sub-channel provider 'Apple TV Amazon Channel'&#10;assert 'channel' not in 'apple tv amazon channel'&#10;  &#10;  'channel' is contained here:&#10;    apple tv amazon channel&#10;  ?                 +++++++">backend/tests/test_phase4_streaming.py:64: in test_apple_tv_plus_no_paramount_channel_falsepos
    assert "channel" not in p.lower(), \
E   AssertionError: FALSE POSITIVE: matched a sub-channel provider 'Apple TV Amazon Channel'
E   assert 'channel' not in 'apple tv amazon channel'
E     
E     'channel' is contained here:
E       apple tv amazon channel
E     ?                 +++++++</failure></testcase><testcase classname="backend.tests.test_phase4_streaming.TestAppleTVPlus" name="test_apple_tv_no_channel_falsepos" time="0.445"><failure message="AssertionError: sub-channel false positive: 'Apple TV Amazon Channel'&#10;assert 'channel' not in 'apple tv amazon channel'&#10;  &#10;  'channel' is contained here:&#10;    apple tv amazon channel&#10;  ?                 +++++++">backend/tests/test_phase4_streaming.py:73: in test_apple_tv_no_channel_falsepos
    assert "channel" not in p.lower(), f"sub-channel false positive: {p!r}"
E   AssertionError: sub-channel false positive: 'Apple TV Amazon Channel'
E   assert 'channel' not in 'apple tv amazon channel'
E     
E     'channel' is contained here:
E       apple tv amazon channel
E     ?                 +++++++</failure></testcase><testcase classname="backend.tests.test_phase4_streaming.TestParamountPlus" name="test_paramount_plus_matches_root_and_subchannels" time="0.674" /><testcase classname="backend.tests.test_phase4_streaming.TestPrimeVideo" name="test_prime_video_matches_amazon_prime_video" time="0.460" /><testcase classname="backend.tests.test_phase4_streaming.TestMax" name="test_max_matches_hbo_max_only" time="0.539" /><testcase classname="backend.tests.test_phase4_streaming.TestNetflix" name="test_netflix_prefix_match" time="0.443" /><testcase classname="backend.tests.test_phase4_streaming.TestRegression" name="test_empty_name" time="0.086" /><testcase classname="backend.tests.test_phase4_streaming.TestRegression" name="test_unauth_returns_401" time="0.075" /><testcase classname="backend.tests.test_phase4_streaming.TestHelpersUnit" name="test_normalize_disney_plus_variants" time="0.335" /><testcase classname="backend.tests.test_phase4_streaming.TestHelpersUnit" name="test_normalize_apple_tv_plus" time="0.000" /><testcase classname="backend.tests.test_phase4_streaming.TestHelpersUnit" name="test_normalize_paramount_subchannel" time="0.000" /><testcase classname="backend.tests.test_phase4_streaming.TestHelpersUnit" name="test_match_apple_tv_does_not_hit_paramount_subchannel" time="0.000" /><testcase classname="backend.tests.test_phase4_streaming.TestHelpersUnit" name="test_match_disney_plus_hits_disney_plus" time="0.000" /><testcase classname="backend.tests.test_phase4_streaming.TestHelpersUnit" name="test_match_prime_video_suffix" time="0.000" /><testcase classname="backend.tests.test_phase4_streaming.TestHelpersUnit" name="test_match_max_suffix_only" time="0.000" /><testcase classname="backend.tests.test_phase4_streaming.TestHelpersUnit" name="test_match_netflix_prefix" time="0.000" /><testcase classname="backend.tests.test_phase4_streaming.TestHelpersUnit" name="test_match_paramount_prefix_all" time="0.000" /><testcase classname="backend.tests.test_phase4_streaming.TestHelpersUnit" name="test_match_empty_returns_false" time="0.001" /></testsuite></testsuites>