<?xml version="1.0" encoding="utf-8"?><testsuites name="pytest tests"><testsuite name="pytest" errors="0" failures="0" skipped="0" tests="18" time="26.784" timestamp="2026-05-06T20:21:22.779906+00:00" hostname="agent-env-b17851f2-f101-4d38-ad0e-f6d52fc6d74c"><testcase classname="backend.tests.backend_test" name="test_root" time="0.972" /><testcase classname="backend.tests.backend_test.TestAuth" name="test_register_new_user" time="1.562" /><testcase classname="backend.tests.backend_test.TestAuth" name="test_register_duplicate" time="0.677" /><testcase classname="backend.tests.backend_test.TestAuth" name="test_login_admin" time="0.881" /><testcase classname="backend.tests.backend_test.TestAuth" name="test_login_invalid" time="0.900" /><testcase classname="backend.tests.backend_test.TestAuth" name="test_me_requires_auth" time="0.972" /><testcase classname="backend.tests.backend_test.TestAuth" name="test_me_with_bearer" time="0.683" /><testcase classname="backend.tests.backend_test.TestAuth" name="test_logout" time="0.677" /><testcase classname="backend.tests.backend_test.TestPublicSeries" name="test_list_endpoints[trending]" time="2.357" /><testcase classname="backend.tests.backend_test.TestPublicSeries" name="test_list_endpoints[popular]" time="0.887" /><testcase classname="backend.tests.backend_test.TestPublicSeries" name="test_list_endpoints[airing_today]" time="0.893" /><testcase classname="backend.tests.backend_test.TestPublicSeries" name="test_list_endpoints[on_the_air]" time="0.869" /><testcase classname="backend.tests.backend_test.TestPublicSeries" name="test_list_endpoints[top_rated]" time="0.956" /><testcase classname="backend.tests.backend_test.TestPublicSeries" name="test_search" time="0.909" /><testcase classname="backend.tests.backend_test.TestPublicSeries" name="test_series_detail" time="0.906" /><testcase classname="backend.tests.backend_test.TestPublicSeries" name="test_season_detail" time="0.870" /><testcase classname="backend.tests.backend_test.TestLibraryFlow" name="test_full_flow" time="10.068" /><testcase classname="backend.tests.backend_test.TestLibraryFlow" name="test_library_requires_auth" time="0.649" /></testsuite></testsuites>