<?xml version="1.0" encoding="utf-8"?><testsuites name="pytest tests"><testsuite name="pytest" errors="0" failures="2" skipped="0" tests="18" time="14.041" timestamp="2026-05-07T00:48:18.182181+00:00" hostname="agent-env-b17851f2-f101-4d38-ad0e-f6d52fc6d74c"><testcase classname="backend.tests.test_sprint2_pro.TestLimits" name="test_limits_requires_auth" time="0.729" /><testcase classname="backend.tests.test_sprint2_pro.TestLimits" name="test_limits_admin_pro" time="0.392" /><testcase classname="backend.tests.test_sprint2_pro.TestLimits" name="test_limits_free_user" time="0.565" /><testcase classname="backend.tests.test_sprint2_pro.TestLibraryCap" name="test_free_user_blocked_at_51st" time="0.140" /><testcase classname="backend.tests.test_sprint2_pro.TestLibraryCap" name="test_free_user_can_update_existing" time="0.741" /><testcase classname="backend.tests.test_sprint2_pro.TestLibraryCap" name="test_pro_admin_has_no_cap" time="0.062" /><testcase classname="backend.tests.test_sprint2_pro.TestAdvancedStats" name="test_free_gets_402" time="0.089" /><testcase classname="backend.tests.test_sprint2_pro.TestAdvancedStats" name="test_pro_admin_gets_200_with_all_keys" time="0.719" /><testcase classname="backend.tests.test_sprint2_pro.TestAdvancedStats" name="test_no_auth_401" time="0.082" /><testcase classname="backend.tests.test_sprint2_pro.TestAIRecommendations" name="test_free_gets_402" time="0.091" /><testcase classname="backend.tests.test_sprint2_pro.TestAIRecommendations" name="test_no_auth_401" time="0.064" /><testcase classname="backend.tests.test_sprint2_pro.TestAIRecommendations" name="test_pro_admin_returns_recs" time="9.600" /><testcase classname="backend.tests.test_sprint2_pro.TestRegression" name="test_auth_me" time="0.126" /><testcase classname="backend.tests.test_sprint2_pro.TestRegression" name="test_library_list" time="0.080" /><testcase classname="backend.tests.test_sprint2_pro.TestRegression" name="test_billing_plans_public" time="0.116"><failure message="AssertionError: assert ('pro_monthly' in {'plans': [{'amount': 12.9, 'currency': 'brl', 'days': 30, 'id': 'pro_monthly', ...}, {'amount': 99.0, 'currency': 'brl', 'days': 365, 'id': 'pro_yearly', ...}]})">backend/tests/test_sprint2_pro.py:238: in test_billing_plans_public
    assert "pro_monthly" in plans and "pro_yearly" in plans
E   AssertionError: assert ('pro_monthly' in {'plans': [{'amount': 12.9, 'currency': 'brl', 'days': 30, 'id': 'pro_monthly', ...}, {'amount': 99.0, 'currency': 'brl', 'days': 365, 'id': 'pro_yearly', ...}]})</failure></testcase><testcase classname="backend.tests.test_sprint2_pro.TestRegression" name="test_billing_me" time="0.075" /><testcase classname="backend.tests.test_sprint2_pro.TestRegression" name="test_notifications" time="0.094" /><testcase classname="backend.tests.test_sprint2_pro.TestRegression" name="test_calendar" time="0.094"><failure message="assert 404 == 200&#10; +  where 404 = &lt;Response [404]&gt;.status_code">backend/tests/test_sprint2_pro.py:251: in test_calendar
    assert r.status_code == 200
E   assert 404 == 200
E    +  where 404 = &lt;Response [404]&gt;.status_code</failure></testcase></testsuite></testsuites>